<?xml version="1.0" encoding="UTF-8"?>
<testng-results skipped="0" failed="0" ignored="0" total="1" passed="1">
  <reporter-output>
  </reporter-output>
  <suite name="Default suite" duration-ms="22760" started-at="2019-01-22T06:40:27Z" finished-at="2019-01-22T06:40:50Z">
    <groups>
    </groups>
    <test name="Default test" duration-ms="22760" started-at="2019-01-22T06:40:27Z" finished-at="2019-01-22T06:40:50Z">
      <class name="RailWay.BookTicketTest">
        <test-method status="PASS" signature="beforeMethod()[pri:0, instance:RailWay.BookTicketTest@343f4d3d]" name="beforeMethod" is-config="true" duration-ms="3809" started-at="2019-01-22T06:40:27Z" finished-at="2019-01-22T06:40:31Z">
          <reporter-output>
          </reporter-output>
        </test-method> <!-- beforeMethod -->
        <test-method status="PASS" signature="precondition()[pri:0, instance:RailWay.BookTicketTest@343f4d3d]" name="precondition" duration-ms="18933" started-at="2019-01-22T06:40:31Z" finished-at="2019-01-22T06:40:50Z">
          <reporter-output>
          </reporter-output>
        </test-method> <!-- precondition -->
        <test-method status="PASS" signature="afterMethod()[pri:0, instance:RailWay.BookTicketTest@343f4d3d]" name="afterMethod" is-config="true" duration-ms="0" started-at="2019-01-22T06:40:50Z" finished-at="2019-01-22T06:40:50Z">
          <reporter-output>
          </reporter-output>
        </test-method> <!-- afterMethod -->
      </class> <!-- RailWay.BookTicketTest -->
    </test> <!-- Default test -->
  </suite> <!-- Default suite -->
</testng-results>
